2021-08-18 16:47:42,970 - server_logger - INFO - Start identification
2021-08-18 16:47:43,015 - server_logger - INFO - Identification completed - STATUS: unsuccessful - MSG: Нет лица в кадре
2021-08-18 16:47:43,027 - server_logger - INFO - Saved photo as identification_photos/unsuccessful
2021-08-18 16:47:51,486 - server_logger - INFO - Start identification
2021-08-18 16:47:51,761 - server_logger - INFO - Identification completed - STATUS: successful - MSG: Пользователь [123] успешно идентифицирован
2021-08-18 16:47:51,774 - server_logger - INFO - Saved photo as identification_photos/successful
2021-08-18 16:48:15,211 - server_logger - INFO - Start identification
2021-08-18 16:48:15,502 - server_logger - INFO - Identification completed - STATUS: unsuccessful - MSG: Другой человек в кадре
2021-08-18 16:48:15,517 - server_logger - INFO - Saved photo as identification_photos/unsuccessful
2021-08-18 16:48:48,646 - server_logger - INFO - Start identification
2021-08-18 16:48:48,691 - server_logger - INFO - Identification completed - STATUS: unsuccessful - MSG: Больше одного лица в кадре
2021-08-18 16:48:48,703 - server_logger - INFO - Saved photo as identification_photos/unsuccessful
2021-08-18 16:53:24,087 - server_logger - INFO - Start identification
2021-08-18 16:53:24,362 - server_logger - INFO - Identification completed - STATUS: unsuccessful - COINCIDENCE_CONFIDENCE: [0.67988831] - MSG: Другой человек в кадре
2021-08-18 16:53:24,375 - server_logger - INFO - Saved photo as identification_photos/unsuccessful
2021-08-18 16:55:31,204 - server_logger - INFO - Start identification
2021-08-18 16:55:31,487 - server_logger - INFO - Identification completed - STATUS: unsuccessful - COINCIDENCE_CONFIDENCE: [0.69957736] - MSG: Другой человек в кадре
2021-08-18 16:55:31,501 - server_logger - INFO - Saved photo as identification_photos/unsuccessful
2021-08-18 16:56:40,505 - server_logger - INFO - Start identification
2021-08-18 16:57:24,650 - server_logger - INFO - Start identification
2021-08-18 16:57:24,704 - server_logger - INFO - Identification completed - STATUS: unsuccessful - COINCIDENCE_CONFIDENCE: 99 - MSG: Нет лица в кадре
2021-08-18 16:57:24,719 - server_logger - INFO - Saved photo as identification_photos/unsuccessful
2021-08-18 16:57:50,838 - server_logger - INFO - Start identification
2021-08-18 16:57:50,884 - server_logger - INFO - Identification completed - STATUS: unsuccessful - COINCIDENCE_CONFIDENCE: - - MSG: Нет лица в кадре
2021-08-18 16:57:50,899 - server_logger - INFO - Saved photo as identification_photos/unsuccessful
2021-08-18 16:57:58,297 - server_logger - INFO - Start identification
2021-08-18 16:57:58,574 - server_logger - INFO - Identification completed - STATUS: unsuccessful - COINCIDENCE_CONFIDENCE: 66 - MSG: Другой человек в кадре
2021-08-18 16:57:58,589 - server_logger - INFO - Saved photo as identification_photos/unsuccessful
2021-08-18 16:58:18,624 - server_logger - INFO - Start identification
2021-08-18 16:58:18,898 - server_logger - INFO - Identification completed - STATUS: successful - COINCIDENCE_CONFIDENCE: 66 - MSG: Пользователь [123] успешно идентифицирован
2021-08-18 16:58:18,911 - server_logger - INFO - Saved photo as identification_photos/successful
2021-08-18 16:58:59,196 - server_logger - INFO - Start identification
2021-08-18 16:58:59,470 - server_logger - INFO - Identification completed - STATUS: successful - COINCIDENCE_CONFIDENCE: 64% - MSG: Пользователь [123] успешно идентифицирован
2021-08-18 16:58:59,482 - server_logger - INFO - Saved photo as identification_photos/successful
2021-08-18 17:13:19,658 - server_logger - INFO - Start identification
2021-08-18 17:13:19,935 - server_logger - INFO - Identification completed - STATUS: successful - COINCIDENCE_CONFIDENCE: 64% - MSG: Пользователь [123] успешно идентифицирован
2021-08-18 17:13:19,948 - server_logger - INFO - Saved photo as identification_photos/successful
2021-08-18 17:14:27,585 - server_logger - INFO - Start identification
2021-08-18 17:14:27,859 - server_logger - INFO - Identification completed - STATUS: unsuccessful - COINCIDENCE_CONFIDENCE: 70% - MSG: Другой человек в кадре
2021-08-18 17:14:27,872 - server_logger - INFO - Saved photo as identification_photos/unsuccessful
2021-08-18 17:15:20,472 - server_logger - INFO - Start identification
2021-08-18 17:15:20,517 - server_logger - INFO - Identification completed - STATUS: unsuccessful - COINCIDENCE_CONFIDENCE: -% - MSG: Нет лица в кадре
2021-08-18 17:15:20,530 - server_logger - INFO - Saved photo as identification_photos/unsuccessful
2021-08-18 17:16:09,390 - server_logger - INFO - Start identification
2021-08-18 17:16:09,435 - server_logger - INFO - Identification completed - STATUS: unsuccessful - COINCIDENCE_CONFIDENCE: -% - MSG: Больше одного лица в кадре
2021-08-18 17:16:09,449 - server_logger - INFO - Saved photo as identification_photos/unsuccessful
